2026-02-21 16:23:59.058 [info] Extension host with pid 1164 started
2026-02-21 16:23:59.196 [info] ExtensionService#_doActivateExtension vscode.github-authentication, startup: false, activationEvent: 'onAuthenticationRequest:github'
2026-02-21 16:23:59.198 [info] ExtensionService#_doActivateExtension vscode.emmet, startup: false, activationEvent: 'onLanguage'
2026-02-21 16:23:59.198 [info] ExtensionService#_doActivateExtension vscode.configuration-editing, startup: false, activationEvent: 'onLanguage:json'
2026-02-21 16:23:59.199 [info] ExtensionService#_doActivateExtension vscode.extension-editing, startup: false, activationEvent: 'onLanguage:json'
2026-02-21 16:23:59.200 [info] ExtensionService#_doActivateExtension vscode.json-language-features, startup: false, activationEvent: 'onLanguage:json'
2026-02-21 16:23:59.201 [info] ExtensionService#_doActivateExtension vscode.npm, startup: false, activationEvent: 'onLanguage:json'
2026-02-21 16:23:59.346 [info] Lock '/config/data/User/workspaceStorage/668e306/vscode.lock': Lock acquired.
2026-02-21 16:23:59.533 [info] ExtensionService#_doActivateExtension vscode.git-base, startup: true, activationEvent: '*'
2026-02-21 16:23:59.559 [info] ExtensionService#_doActivateExtension vscode.github, startup: true, activationEvent: '*'
2026-02-21 16:23:59.620 [info] Eager extensions activated
2026-02-21 16:23:59.620 [info] ExtensionService#_doActivateExtension vscode.debug-auto-launch, startup: false, activationEvent: 'onStartupFinished'
2026-02-21 16:23:59.621 [info] ExtensionService#_doActivateExtension vscode.merge-conflict, startup: false, activationEvent: 'onStartupFinished'
2026-02-21 16:24:09.735 [info] ExtensionService#_doActivateExtension vscode.git, startup: false, activationEvent: 'api', root cause: vscode.github
2026-02-21 16:25:40.206 [info] ExtensionService#_doActivateExtension vscode.terminal-suggest, startup: false, activationEvent: 'onTerminalShellIntegration:*'
2026-02-21 16:25:48.117 [info] ExtensionService#_doActivateExtension vscode.typescript-language-features, startup: false, activationEvent: 'onLanguage:jsonc'
2026-02-21 16:26:19.547 [info] ExtensionService#_doActivateExtension vscode.markdown-language-features, startup: false, activationEvent: 'onLanguage:markdown'
2026-02-21 16:26:20.304 [info] ExtensionService#_doActivateExtension vscode.markdown-math, startup: false, activationEvent: 'api', root cause: vscode.markdown-language-features
2026-02-21 16:51:33.599 [info] Extension host terminating: received terminate message from renderer
2026-02-21 16:51:33.602 [info] Lock '/config/data/User/workspaceStorage/668e306/vscode.lock': Marking the lockfile as scheduled to be released in 6000 ms.
2026-02-21 16:51:33.777 [info] Extension host with pid 1164 exiting with code 0
